<?xml version="1.0" encoding="UTF-8"?>
<!-- Generated by org.testng.reporters.JUnitXMLReporter -->
<testsuite hostname="DESKTOP-4K4SA9I" ignored="0" name="test" tests="4" failures="0" timestamp="08 十月 2019 08:20:28 GMT" time="0.928" errors="0">
  <testcase name="loginFalse" time="0.641" classname="cases.LoginTest"/>
  <testcase name="loginTrue" time="0.141" classname="cases.LoginTest"/>
  <testcase name="addDeptFalse" time="0.043" classname="cases.AddDepartmentTest"/>
  <testcase name="addDeptTrue" time="0.06" classname="cases.AddDepartmentTest"/>
</testsuite> <!-- test -->
