<?xml version="1.0" encoding="UTF-8"?>
<testsuite xmlns:xsi="http://www.w3.org/2001/XMLSchema-instance" xsi:schemaLocation="https://maven.apache.org/surefire/maven-surefire-plugin/xsd/surefire-test-report.xsd" name="TestSuite" time="1.522" tests="4" errors="0" skipped="0" failures="0">
  <properties>
[...]
</properties>
  <testcase name="loginFalse" classname="cases.LoginTest" time="0.642"/>
  <testcase name="loginTrue" classname="cases.LoginTest" time="0.14"/>
  <testcase name="addDeptFalse" classname="cases.AddDepartmentTest" time="0.043"/>
  <testcase name="addDeptTrue" classname="cases.AddDepartmentTest" time="0.06"/>
</testsuite>