<?xml version="1.0" encoding="UTF-8"?>
<!-- Generated by org.testng.reporters.JUnitXMLReporter -->
<testsuite hostname="DESKTOP-4K4SA9I" ignored="0" name="smokeTeset" tests="1" failures="0" timestamp="2019-09-29T13:41:26 CST" time="0.021" errors="0">
  <testcase name="@BeforeSuite beforeClass" time="0.095" classname="testsuite.SuiteConfig">
    <failure type="java.io.FileNotFoundException" message=".\src\main\resources\OR.properties (系统找不到指定的路径。)">
      <![CDATA[java.io.FileNotFoundException: .\src\main\resources\OR.properties (系统找不到指定的路径。)
at java.io.FileInputStream.open0(Native Method)
at java.io.FileInputStream.open(FileInputStream.java:195)
at java.io.FileInputStream.<init>(FileInputStream.java:138)
at java.io.FileInputStream.<init>(FileInputStream.java:93)
at testsuite.SuiteConfig.beforeClass(SuiteConfig.java:27)
... Removed 22 stack frames]]>
    </failure>
  </testcase> <!-- @BeforeSuite beforeClass -->
  <testcase name="Login_001" time="0.0" classname="testsuite.SmokeTest">
    <skipped/>
  </testcase> <!-- Login_001 -->
</testsuite> <!-- smokeTeset -->
