<?xml version="1.0" encoding="UTF-8" ?>
<testsuite tests="7" failures="0" name="TestSuite" time="8.352" errors="0" skipped="0">
  <properties>
[...]
</properties>
  <testcase classname="com.course.cases.LoginTest" name="LoginTrue" time="0.924"/>
  <testcase classname="com.course.cases.LoginTest" name="LoginFalse" time="0.042"/>
  <testcase classname="com.course.cases.AddUserTest" name="addUser" time="2.048"/>
  <testcase classname="com.course.cases.GetUserInfoTest" name="getUserInfo" time="0.058"/>
  <testcase classname="com.course.cases.GetUserListTest" name="getUserList" time="0.072"/>
  <testcase classname="com.course.cases.UpdateUserInfoTest" name="deleteUser" time="2.049"/>
  <testcase classname="com.course.cases.UpdateUserInfoTest" name="updateUserInfo" time="2.053"/>
</testsuite>