<?xml version="1.0" encoding="UTF-8"?>
<!-- Generated by org.testng.reporters.JUnitXMLReporter -->
<testsuite hostname="SC-201910010702" ignored="0" name="course" tests="7" failures="0" timestamp="04 十月 2019 08:51:38 GMT" time="7.302" errors="0">
  <testcase name="LoginTrue" time="0.924" classname="com.course.cases.LoginTest"/>
  <testcase name="LoginFalse" time="0.041" classname="com.course.cases.LoginTest"/>
  <testcase name="addUser" time="2.048" classname="com.course.cases.AddUserTest"/>
  <testcase name="getUserInfo" time="0.058" classname="com.course.cases.GetUserInfoTest"/>
  <testcase name="getUserList" time="0.072" classname="com.course.cases.GetUserListTest"/>
  <testcase name="deleteUser" time="2.049" classname="com.course.cases.UpdateUserInfoTest"/>
  <testcase name="updateUserInfo" time="2.054" classname="com.course.cases.UpdateUserInfoTest"/>
</testsuite> <!-- course -->
