<?xml version="1.0" encoding="UTF-8"?>
<testsuite xmlns:xsi="http://www.w3.org/2001/XMLSchema-instance" xsi:schemaLocation="https://maven.apache.org/surefire/maven-surefire-plugin/xsd/surefire-test-report.xsd" name="TestSuite" time="0.837" tests="3" errors="0" skipped="2" failures="1">
  <properties>
[...]
</properties>
  <testcase name="beforeClass" classname="testsuite.SuiteConfig" time="0.403">
    <failure message=".\src\main\resources\OR.properties (系统找不到指定的路径。)" type="java.io.FileNotFoundException">java.io.FileNotFoundException: .\src\main\resources\OR.properties (系统找不到指定的路径。)
	at testsuite.SuiteConfig.beforeClass(SuiteConfig.java:27)
</failure>
    <system-out><![CDATA[2019-09-26 15:54:14.335 ERROR: Class Utils | Method setExcelFile | Exception desc : null
11
ERROR: Failed to write the file null
]]></system-out>
    <system-err><![CDATA[java.io.FileNotFoundException: C:\AutoTest\WebAutoTest\target.\src\main\resources\system.properties (系统找不到指定的路径。)
	at java.io.FileInputStream.open0(Native Method)
	at java.io.FileInputStream.open(FileInputStream.java:195)
	at java.io.FileInputStream.<init>(FileInputStream.java:138)
	at java.io.FileInputStream.<init>(FileInputStream.java:93)
	at utils.Log.WriteLog(Log.java:74)
	at utils.Log.Output(Log.java:59)
	at utils.Log.error(Log.java:43)
	at utils.ExcelUtils.setExcelFile(ExcelUtils.java:27)
	at testsuite.SuiteConfig.beforeClass(SuiteConfig.java:25)
	at sun.reflect.NativeMethodAccessorImpl.invoke0(Native Method)
	at sun.reflect.NativeMethodAccessorImpl.invoke(NativeMethodAccessorImpl.java:62)
	at sun.reflect.DelegatingMethodAccessorImpl.invoke(DelegatingMethodAccessorImpl.java:43)
	at java.lang.reflect.Method.invoke(Method.java:498)
	at org.testng.internal.MethodInvocationHelper.invokeMethod(MethodInvocationHelper.java:133)
	at org.testng.internal.MethodInvocationHelper.invokeMethodConsideringTimeout(MethodInvocationHelper.java:62)
	at org.testng.internal.ConfigInvoker.invokeConfigurationMethod(ConfigInvoker.java:340)
	at org.testng.internal.ConfigInvoker.invokeConfigurations(ConfigInvoker.java:294)
	at org.testng.SuiteRunner.privateRun(SuiteRunner.java:345)
	at org.testng.SuiteRunner.run(SuiteRunner.java:304)
	at org.testng.SuiteRunnerWorker.runSuite(SuiteRunnerWorker.java:53)
	at org.testng.SuiteRunnerWorker.run(SuiteRunnerWorker.java:96)
	at org.testng.TestNG.runSuitesSequentially(TestNG.java:1180)
	at org.testng.TestNG.runSuitesLocally(TestNG.java:1102)
	at org.testng.TestNG.runSuites(TestNG.java:1032)
	at org.testng.TestNG.run(TestNG.java:1000)
	at org.apache.maven.surefire.testng.TestNGExecutor.run(TestNGExecutor.java:281)
	at org.apache.maven.surefire.testng.TestNGXmlTestSuite.execute(TestNGXmlTestSuite.java:75)
	at org.apache.maven.surefire.testng.TestNGProvider.invoke(TestNGProvider.java:121)
	at org.apache.maven.surefire.booter.ForkedBooter.invokeProviderInSameClassLoader(ForkedBooter.java:290)
	at org.apache.maven.surefire.booter.ForkedBooter.runSuitesInProcess(ForkedBooter.java:242)
	at org.apache.maven.surefire.booter.ForkedBooter.main(ForkedBooter.java:121)
]]></system-err>
  </testcase>
  <testcase name="Login_001" classname="testsuite.SmokeTest" time="0">
    <skipped message=".\src\main\resources\OR.properties (系统找不到指定的路径。)"/>
  </testcase>
  <testcase name="afterClass" classname="testsuite.SuiteConfig" time="0">
    <skipped/>
  </testcase>
</testsuite>